<?xml version="1.0" encoding="UTF-8"?>
<testsuite name="JUnit Jupiter" tests="0" skipped="0" failures="0" errors="0" time="0.008" hostname="Wilsons-MacBook-Pro.local" timestamp="2018-08-17T13:15:25">
<properties>
<property name="awt.toolkit" value="sun.lwawt.macosx.LWCToolkit"/>
<property name="file.encoding" value="UTF-8"/>
<property name="file.encoding.pkg" value="sun.io"/>
<property name="file.separator" value="/"/>
<property name="ftp.nonProxyHosts" value="local|*.local|169.254/16|*.169.254/16"/>
<property name="gopherProxySet" value="false"/>
<property name="http.nonProxyHosts" value="local|*.local|169.254/16|*.169.254/16"/>
<property name="java.awt.graphicsenv" value="sun.awt.CGraphicsEnvironment"/>
<property name="java.awt.printerjob" value="sun.lwawt.macosx.CPrinterJob"/>
<property name="java.class.path" value="/Users/wlou/FractalLabs/fractalLabsTwitter/FractalLabsTwitter/build/classes/java/test:/Users/wlou/FractalLabs/fractalLabsTwitter/FractalLabsTwitter/build/resources/test:/Users/wlou/FractalLabs/fractalLabsTwitter/FractalLabsTwitter/build/classes/java/main:/Users/wlou/FractalLabs/fractalLabsTwitter/FractalLabsTwitter/build/resources/main:/Users/wlou/.gradle/caches/modules-2/files-2.1/com.fasterxml.jackson.core/jackson-annotations/2.9.5/9056ec9db21c57d43219a84bb18c129ae51c6a5d/jackson-annotations-2.9.5.jar:/Users/wlou/.gradle/caches/modules-2/files-2.1/mysql/mysql-connector-java/5.1.39/4617fe8dc8f1969ec450984b0b9203bc8b7c8ad5/mysql-connector-java-5.1.39.jar:/Users/wlou/.gradle/caches/modules-2/files-2.1/log4j/log4j/1.2.17/5af35056b4d257e4b64b9e8069c0746e8b08629f/log4j-1.2.17.jar:/Users/wlou/.gradle/caches/modules-2/files-2.1/org.hibernate/hibernate-c3p0/5.2.1.Final/60f97e1a88ec4823257603bc0f383ec619363bcb/hibernate-c3p0-5.2.1.Final.jar:/Users/wlou/.gradle/caches/modules-2/files-2.1/org.hibernate/hibernate-core/5.2.1.Final/948e24fcce6847110ee5092ea11dbf879bdab704/hibernate-core-5.2.1.Final.jar:/Users/wlou/.gradle/caches/modules-2/files-2.1/org.junit.jupiter/junit-jupiter-engine/5.0.1/e22d2bf87f43fb03fee14dea447b2a14f41b095f/junit-jupiter-engine-5.0.1.jar:/Users/wlou/.gradle/caches/modules-2/files-2.1/org.junit.jupiter/junit-jupiter-api/5.0.1/30fbf4448c594cb45d8e91630d6bb7f465906b88/junit-jupiter-api-5.0.1.jar:/Users/wlou/.gradle/caches/modules-2/files-2.1/org.jsoup/jsoup/1.9.2/5e3bda828a80c7a21dfbe2308d1755759c2fd7b4/jsoup-1.9.2.jar:/Users/wlou/.gradle/caches/modules-2/files-2.1/org.twitter4j/twitter4j-stream/4.0.7/40c335890d36e58d0bb9e634528e924db1f24dc8/twitter4j-stream-4.0.7.jar:/Users/wlou/.gradle/caches/modules-2/files-2.1/org.twitter4j/twitter4j-core/4.0.7/5fdb375ccfb3eda7354efb262cbe9b53abccff2/twitter4j-core-4.0.7.jar:/Users/wlou/.gradle/caches/modules-2/files-2.1/org.quartz-scheduler/quartz/2.2.1/2bd17ec0c66d0370a932e225f52c23f3dc7cc4ce/quartz-2.2.1.jar:/Users/wlou/.gradle/caches/modules-2/files-2.1/org.apache.commons/commons-lang3/3.0/8873bd0bb5cb9ee37f1b04578eb7e26fcdd44cb0/commons-lang3-3.0.jar:/Users/wlou/.gradle/caches/modules-2/files-2.1/org.apiguardian/apiguardian-api/1.0.0/3ef5276905e36f4d8055fe3cb0bdcc7503ffc85d/apiguardian-api-1.0.0.jar:/Users/wlou/.gradle/caches/modules-2/files-2.1/org.junit.vintage/junit-vintage-engine/4.12.1/9ebffc203c5acb51450e34b38b91067f0b4e7e6c/junit-vintage-engine-4.12.1.jar:/Users/wlou/.gradle/caches/modules-2/files-2.1/org.junit.platform/junit-platform-runner/1.0.1/edb8717e46700debfea297fbd0e4526441e0eb52/junit-platform-runner-1.0.1.jar:/Users/wlou/.gradle/caches/modules-2/files-2.1/org.junit.platform/junit-platform-launcher/1.0.1/5562631a34e4eefefdad04cdd49a50774d6ac777/junit-platform-launcher-1.0.1.jar:/Users/wlou/.gradle/caches/modules-2/files-2.1/org.hibernate.common/hibernate-commons-annotations/5.0.1.Final/71e1cff3fcb20d3b3af4f3363c3ddb24d33c6879/hibernate-commons-annotations-5.0.1.Final.jar:/Users/wlou/.gradle/caches/modules-2/files-2.1/org.jboss.logging/jboss-logging/3.3.0.Final/3616bb87707910296e2c195dc016287080bba5af/jboss-logging-3.3.0.Final.jar:/Users/wlou/.gradle/caches/modules-2/files-2.1/org.hibernate.javax.persistence/hibernate-jpa-2.1-api/1.0.0.Final/5e731d961297e5a07290bfaf3db1fbc8bbbf405a/hibernate-jpa-2.1-api-1.0.0.Final.jar:/Users/wlou/.gradle/caches/modules-2/files-2.1/org.javassist/javassist/3.20.0-GA/a9cbcdfb7e9f86fbc74d3afae65f2248bfbf82a0/javassist-3.20.0-GA.jar:/Users/wlou/.gradle/caches/modules-2/files-2.1/antlr/antlr/2.7.7/83cd2cd674a217ade95a4bb83a8a14f351f48bd0/antlr-2.7.7.jar:/Users/wlou/.gradle/caches/modules-2/files-2.1/org.apache.geronimo.specs/geronimo-jta_1.1_spec/1.1.1/aabab3165b8ea936b9360abbf448459c0d04a5a4/geronimo-jta_1.1_spec-1.1.1.jar:/Users/wlou/.gradle/caches/modules-2/files-2.1/org.jboss/jandex/2.0.0.Final/3e899258936f94649c777193e1be846387ed54b3/jandex-2.0.0.Final.jar:/Users/wlou/.gradle/caches/modules-2/files-2.1/com.fasterxml/classmate/1.3.0/183407ff982e9375f1a1c4a51ed0a9307c598fc7/classmate-1.3.0.jar:/Users/wlou/.gradle/caches/modules-2/files-2.1/dom4j/dom4j/1.6.1/5d3ccc056b6f056dbf0dddfdf43894b9065a8f94/dom4j-1.6.1.jar:/Users/wlou/.gradle/caches/modules-2/files-2.1/javax.enterprise/cdi-api/1.1-PFD/9ec46d69b097daec421e757ce49c07c76a025e18/cdi-api-1.1-PFD.jar:/Users/wlou/.gradle/caches/modules-2/files-2.1/com.mchange/c3p0/0.9.2.1/11b29ccb286d34eb804b7f6a3786809c9bd2e1b7/c3p0-0.9.2.1.jar:/Users/wlou/.gradle/caches/modules-2/files-2.1/org.junit.platform/junit-platform-engine/1.0.1/4ce0a37866312c18ea3f45818f2faec077e46e0/junit-platform-engine-1.0.1.jar:/Users/wlou/.gradle/caches/modules-2/files-2.1/org.opentest4j/opentest4j/1.0.0/6f09c598e9ff64bf0ce2fa7e7de49a99ba83c0b4/opentest4j-1.0.0.jar:/Users/wlou/.gradle/caches/modules-2/files-2.1/org.junit.platform/junit-platform-suite-api/1.0.1/dba5b945d6e3bc26fdbb100db1b94dcf435c1c6f/junit-platform-suite-api-1.0.1.jar:/Users/wlou/.gradle/caches/modules-2/files-2.1/org.junit.platform/junit-platform-commons/1.0.1/3632e4a74a43d3ae8d29e6fa172cbc29590bda03/junit-platform-commons-1.0.1.jar:/Users/wlou/.gradle/caches/modules-2/files-2.1/c3p0/c3p0/0.9.1.1/302704f30c6e7abb7a0457f7771739e03c973e80/c3p0-0.9.1.1.jar:/Users/wlou/.gradle/caches/modules-2/files-2.1/org.slf4j/slf4j-api/1.6.6/ce53b0a0e2cfbb27e8a59d38f79a18a5c6a8d2b0/slf4j-api-1.6.6.jar:/Users/wlou/.gradle/caches/modules-2/files-2.1/junit/junit/4.12/2973d150c0dc1fefe998f834810d68f278ea58ec/junit-4.12.jar:/Users/wlou/.gradle/caches/modules-2/files-2.1/javax.el/el-api/2.2/42971279cc8ba864462580c7fc2199fd5715ee7f/el-api-2.2.jar:/Users/wlou/.gradle/caches/modules-2/files-2.1/org.jboss.spec.javax.interceptor/jboss-interceptors-api_1.1_spec/1.0.0.Beta1/8cb388fd3b4912373da7a18e199bb55aa52aa5c1/jboss-interceptors-api_1.1_spec-1.0.0.Beta1.jar:/Users/wlou/.gradle/caches/modules-2/files-2.1/javax.annotation/jsr250-api/1.0/5025422767732a1ab45d93abfea846513d742dcf/jsr250-api-1.0.jar:/Users/wlou/.gradle/caches/modules-2/files-2.1/javax.inject/javax.inject/1/6975da39a7040257bd51d21a231b76c915872d38/javax.inject-1.jar:/Users/wlou/.gradle/caches/modules-2/files-2.1/com.mchange/mchange-commons-java/0.2.3.4/5eb5a801d96f65912bcf418a831fa23c663b029b/mchange-commons-java-0.2.3.4.jar:/Users/wlou/.gradle/caches/modules-2/files-2.1/org.hamcrest/hamcrest-core/1.3/42a25dc3219429f0e5d060061f71acb49bf010a0/hamcrest-core-1.3.jar:/Users/wlou/.gradle/caches/modules-2/files-2.1/org.junit.platform/junit-platform-console/1.0.3/39e2d8697f3244a16f9fafd58ad871918cb5a722/junit-platform-console-1.0.3.jar:/Users/wlou/.gradle/caches/modules-2/files-2.1/org.junit.platform/junit-platform-launcher/1.0.3/91d799c70c3a597631883b77117046e09d6a4419/junit-platform-launcher-1.0.3.jar:/Users/wlou/.gradle/caches/modules-2/files-2.1/org.junit.platform/junit-platform-engine/1.0.3/7028a17adabd876b6d7530e43523a7f4fd109e18/junit-platform-engine-1.0.3.jar:/Users/wlou/.gradle/caches/modules-2/files-2.1/org.junit.platform/junit-platform-commons/1.0.3/3663f3ddfe47df2a7bf363d5c0196f0c7a09820f/junit-platform-commons-1.0.3.jar"/>
<property name="java.class.version" value="52.0"/>
<property name="java.endorsed.dirs" value="/Library/Java/JavaVirtualMachines/jdk1.8.0_161.jdk/Contents/Home/jre/lib/endorsed"/>
<property name="java.ext.dirs" value="/Users/wlou/Library/Java/Extensions:/Library/Java/JavaVirtualMachines/jdk1.8.0_161.jdk/Contents/Home/jre/lib/ext:/Library/Java/Extensions:/Network/Library/Java/Extensions:/System/Library/Java/Extensions:/usr/lib/java"/>
<property name="java.home" value="/Library/Java/JavaVirtualMachines/jdk1.8.0_161.jdk/Contents/Home/jre"/>
<property name="java.io.tmpdir" value="/var/folders/w8/zq5hfk7j5blbl5t0l4c4zt2h0000gn/T/"/>
<property name="java.library.path" value="/Users/wlou/Library/Java/Extensions:/Library/Java/Extensions:/Network/Library/Java/Extensions:/System/Library/Java/Extensions:/usr/lib/java:."/>
<property name="java.runtime.name" value="Java(TM) SE Runtime Environment"/>
<property name="java.runtime.version" value="1.8.0_161-b12"/>
<property name="java.specification.name" value="Java Platform API Specification"/>
<property name="java.specification.vendor" value="Oracle Corporation"/>
<property name="java.specification.version" value="1.8"/>
<property name="java.vendor" value="Oracle Corporation"/>
<property name="java.vendor.url" value="http://java.oracle.com/"/>
<property name="java.vendor.url.bug" value="http://bugreport.sun.com/bugreport/"/>
<property name="java.version" value="1.8.0_161"/>
<property name="java.vm.info" value="mixed mode"/>
<property name="java.vm.name" value="Java HotSpot(TM) 64-Bit Server VM"/>
<property name="java.vm.specification.name" value="Java Virtual Machine Specification"/>
<property name="java.vm.specification.vendor" value="Oracle Corporation"/>
<property name="java.vm.specification.version" value="1.8"/>
<property name="java.vm.vendor" value="Oracle Corporation"/>
<property name="java.vm.version" value="25.161-b12"/>
<property name="line.separator" value="
"/>
<property name="os.arch" value="x86_64"/>
<property name="os.name" value="Mac OS X"/>
<property name="os.version" value="10.13.6"/>
<property name="path.separator" value=":"/>
<property name="socksNonProxyHosts" value="local|*.local|169.254/16|*.169.254/16"/>
<property name="sun.arch.data.model" value="64"/>
<property name="sun.boot.class.path" value="/Library/Java/JavaVirtualMachines/jdk1.8.0_161.jdk/Contents/Home/jre/lib/resources.jar:/Library/Java/JavaVirtualMachines/jdk1.8.0_161.jdk/Contents/Home/jre/lib/rt.jar:/Library/Java/JavaVirtualMachines/jdk1.8.0_161.jdk/Contents/Home/jre/lib/sunrsasign.jar:/Library/Java/JavaVirtualMachines/jdk1.8.0_161.jdk/Contents/Home/jre/lib/jsse.jar:/Library/Java/JavaVirtualMachines/jdk1.8.0_161.jdk/Contents/Home/jre/lib/jce.jar:/Library/Java/JavaVirtualMachines/jdk1.8.0_161.jdk/Contents/Home/jre/lib/charsets.jar:/Library/Java/JavaVirtualMachines/jdk1.8.0_161.jdk/Contents/Home/jre/lib/jfr.jar:/Library/Java/JavaVirtualMachines/jdk1.8.0_161.jdk/Contents/Home/jre/classes"/>
<property name="sun.boot.library.path" value="/Library/Java/JavaVirtualMachines/jdk1.8.0_161.jdk/Contents/Home/jre/lib"/>
<property name="sun.cpu.endian" value="little"/>
<property name="sun.cpu.isalist" value=""/>
<property name="sun.io.unicode.encoding" value="UnicodeBig"/>
<property name="sun.java.command" value="org.junit.platform.console.ConsoleLauncher --details NONE --scan-class-path /Users/wlou/FractalLabs/fractalLabsTwitter/FractalLabsTwitter/build/classes/java/main:/Users/wlou/FractalLabs/fractalLabsTwitter/FractalLabsTwitter/build/resources/main:/Users/wlou/FractalLabs/fractalLabsTwitter/FractalLabsTwitter/build/classes/java/test:/Users/wlou/FractalLabs/fractalLabsTwitter/FractalLabsTwitter/build/resources/test -n ^.*Tests?$ --reports-dir /Users/wlou/FractalLabs/fractalLabsTwitter/FractalLabsTwitter/build/test-results/junit-platform"/>
<property name="sun.java.launcher" value="SUN_STANDARD"/>
<property name="sun.jnu.encoding" value="UTF-8"/>
<property name="sun.management.compiler" value="HotSpot 64-Bit Tiered Compilers"/>
<property name="sun.os.patch.level" value="unknown"/>
<property name="user.country" value="GB"/>
<property name="user.dir" value="/Users/wlou/FractalLabs/fractalLabsTwitter/FractalLabsTwitter"/>
<property name="user.home" value="/Users/wlou"/>
<property name="user.language" value="en"/>
<property name="user.name" value="wlou"/>
<property name="user.timezone" value="America/Denver"/>
<property name="user.variant" value=""/>
</properties>
<system-out><![CDATA[
unique-id: [engine:junit-jupiter]
display-name: JUnit Jupiter
]]></system-out>
</testsuite>
